d:\programmieren\portaudiofork\msvc\x64\debug\vc143.pdb
d:\programmieren\portaudiofork\msvc\x64\debug\vc143.idb
d:\programmieren\portaudiofork\msvc\x64\debug\asio.obj
d:\programmieren\portaudiofork\msvc\x64\debug\asiodrivers.obj
d:\programmieren\portaudiofork\msvc\x64\debug\asiolist.obj
d:\programmieren\portaudiofork\msvc\x64\debug\main.obj
d:\programmieren\portaudiofork\msvc\x64\debug\pa_cpuload.obj
d:\programmieren\portaudiofork\msvc\x64\debug\pa_debugprint.obj
d:\programmieren\portaudiofork\msvc\x64\debug\pa_dither.obj
d:\programmieren\portaudiofork\msvc\x64\debug\pa_front.obj
d:\programmieren\portaudiofork\msvc\x64\debug\pa_process.obj
d:\programmieren\portaudiofork\msvc\x64\debug\pa_ringbuffer.obj
d:\programmieren\portaudiofork\msvc\x64\debug\pa_stream.obj
d:\programmieren\portaudiofork\msvc\x64\debug\pa_trace.obj
d:\programmieren\portaudiofork\msvc\x64\debug\pa_win_ds.obj
d:\programmieren\portaudiofork\msvc\x64\debug\pa_win_ds_dynlink.obj
d:\programmieren\portaudiofork\msvc\x64\debug\pa_hostapi_skeleton.obj
d:\programmieren\portaudiofork\msvc\x64\debug\pa_win_wasapi.obj
d:\programmieren\portaudiofork\msvc\x64\debug\pa_win_wdmks.obj
d:\programmieren\portaudiofork\msvc\x64\debug\pa_win_wmme.obj
d:\programmieren\portaudiofork\msvc\x64\debug\pa_win_coinitialize.obj
d:\programmieren\portaudiofork\msvc\x64\debug\pa_win_hostapis.obj
d:\programmieren\portaudiofork\msvc\x64\debug\pa_win_util.obj
d:\programmieren\portaudiofork\msvc\x64\debug\pa_win_waveformat.obj
d:\programmieren\portaudiofork\msvc\x64\debug\pa_win_wdmks_utils.obj
d:\programmieren\portaudiofork\msvc\x64\debug\pa_x86_plain_converters.obj
d:\programmieren\portaudiofork\msvc\x64\debug\pa_allocation.obj
d:\programmieren\portaudiofork\msvc\x64\debug\pa_converters.obj
d:\programmieren\portaudiofork\msvc\x64\debug\pa_asio.obj
d:\programmieren\portaudiofork\msvc\x64\debug\portaudio_x64.exp
d:\programmieren\portaudiofork\msvc\x64\debug\portaudio_x64.pdb
d:\programmieren\portaudiofork\msvc\x64\debug\portaudio.tlog\cl.read.1.tlog
d:\programmieren\portaudiofork\msvc\x64\debug\portaudio.tlog\cl.write.1.tlog
d:\programmieren\portaudiofork\msvc\x64\debug\portaudio.tlog\cl.command.1.tlog
d:\programmieren\portaudiofork\msvc\x64\debug\portaudio.tlog\link-rc.read.1.tlog
d:\programmieren\portaudiofork\msvc\x64\debug\portaudio.tlog\link-rc.write.1.tlog
d:\programmieren\portaudiofork\msvc\x64\debug\portaudio.tlog\link-cvtres.read.1.tlog
d:\programmieren\portaudiofork\msvc\x64\debug\portaudio.tlog\link-cvtres.write.1.tlog
d:\programmieren\portaudiofork\msvc\x64\debug\portaudio.tlog\link.read.2.tlog
d:\programmieren\portaudiofork\msvc\x64\debug\portaudio.tlog\link.read.1.tlog
d:\programmieren\portaudiofork\msvc\x64\debug\portaudio.tlog\link.write.1.tlog
d:\programmieren\portaudiofork\msvc\x64\debug\portaudio.tlog\link.command.1.tlog
